Array
(
    [73q] => Array
        (
            [from_email] => noreply@pushyads.com
            [created_on] => 2009-08-22 22:12:56
            [name] => pushy_ads
            [from_name] => PUSHY!
            [reply_to_email] => noreply@pushyads.com
        )

)
Array
(
    [md1] => Array
        (
            [from_email] => noreply@pushyads.com
            [created_on] => 2009-11-18 13:14:03
            [name] => pro_elite_members
            [from_name] => PUSHY!
            [reply_to_email] => noreply@pushyads.com
        )

)
