------------------ Batch Run: 2010-02-15 1266210630 -----------------
------------------ Batch Run: 2010-02-16 1266368384 -----------------
------------------ Batch Run: 2010-02-16 1266368469 -----------------
2010-02-16 20:01|LAST:2010-02-13|NEXT:2010-03-13|MasterCard|5449286390414418|2012-11|083|nbh1296|Chris|Hoogbruin|cabruin1952@yahoo.com|1202 serene dr|99141|USA||
2010-02-16 20:01|LAST:2010-02-14|NEXT:2010-03-14|Visa|4869200000012771|2013-8|692|awm1316e|Brent|Bush|brntbush@yahoo.com|26695 jingo rd.|66053|United States|913-244-6766|
2010-02-16 20:01|LAST:2010-02-14|NEXT:2010-03-14|Visa|4758140100471374|2011-7|048|rfe1319|Teresa|Martinez|ltdjmartinez@gmail.com|2037 Deer Run Dr|84405|USA||
2010-02-16 20:01|LAST:2010-02-06|NEXT:2010-03-06|American Express|371311606531012|2013-1|130|kjv1536x|Mac|Lewis|mac.bizopp@gmail.com|1650 Peridot Lane|80108|USA||
------------------ Batch Run: 2010-02-16 1266368713 -----------------
2010-02-16 20:05|LAST:2010-02-13|NEXT:2010-03-13|MasterCard|5449286390414418|2012-11|083|nbh1296|Chris|Hoogbruin|cabruin1952@yahoo.com|1202 serene dr|99141|USA||
2010-02-16 20:05|LAST:2010-02-14|NEXT:2010-03-14|Visa|4869200000012771|2013-8|692|awm1316e|Brent|Bush|brntbush@yahoo.com|26695 jingo rd.|66053|United States|913-244-6766|
2010-02-16 20:05|LAST:2010-02-14|NEXT:2010-03-14|Visa|4758140100471374|2011-7|048|rfe1319|Teresa|Martinez|ltdjmartinez@gmail.com|2037 Deer Run Dr|84405|USA||
2010-02-16 20:05|LAST:2010-02-06|NEXT:2010-03-06|American Express|371311606531012|2013-1|130|kjv1536x|Mac|Lewis|mac.bizopp@gmail.com|1650 Peridot Lane|80108|USA||
------------------ Batch Run: 2010-02-16 1266368972 -----------------
2010-02-16 20:09|LAST:2010-02-13|NEXT:2010-03-13|MasterCard|5449286390414418|2012-11|083|nbh1296|Chris|Hoogbruin|cabruin1952@yahoo.com|1202 serene dr|99141|USA||
2010-02-16 20:09|LAST:2010-02-14|NEXT:2010-03-14|Visa|4869200000012771|2013-8|692|awm1316e|Brent|Bush|brntbush@yahoo.com|26695 jingo rd.|66053|United States|913-244-6766|
2010-02-16 20:09|LAST:2010-02-14|NEXT:2010-03-14|Visa|4758140100471374|2011-7|048|rfe1319|Teresa|Martinez|ltdjmartinez@gmail.com|2037 Deer Run Dr|84405|USA||
2010-02-16 20:09|LAST:2010-02-06|NEXT:2010-03-06|American Express|371311606531012|2013-1|130|kjv1536x|Mac|Lewis|mac.bizopp@gmail.com|1650 Peridot Lane|80108|USA||
------------------ Batch Run: 2010-02-16 1266369050 -----------------
2010-02-16 20:10|LAST:2010-02-13|NEXT:2010-03-13|MasterCard|5449286390414418|2012-11|083|nbh1296|Chris|Hoogbruin|cabruin1952@yahoo.com|1202 serene dr|99141|USA||
2010-02-16 20:10|LAST:2010-02-14|NEXT:2010-03-14|Visa|4869200000012771|2013-8|692|awm1316e|Brent|Bush|brntbush@yahoo.com|26695 jingo rd.|66053|United States|913-244-6766|
2010-02-16 20:10|LAST:2010-02-14|NEXT:2010-03-14|Visa|4758140100471374|2011-7|048|rfe1319|Teresa|Martinez|ltdjmartinez@gmail.com|2037 Deer Run Dr|84405|USA||
2010-02-16 20:10|LAST:2010-02-06|NEXT:2010-03-06|American Express|371311606531012|2013-1|130|kjv1536x|Mac|Lewis|mac.bizopp@gmail.com|1650 Peridot Lane|80108|USA||
------------------ Batch Run: 2010-02-25 1267141424 -----------------
